<?xml version="1.0" encoding="UTF-8"?>
<!-- Generated by org.testng.reporters.JUnitReportReporter -->
<testsuite hostname="DESKTOP-PQ5OTNM" failures="0" tests="1" name="Pack1.WaitingTest" time="9.048" errors="0" timestamp="21 Sep. 2021 01:07:17 GMT" skipped="0">
  <testcase classname="Pack1.WaitingTest" name="staticWait" time="9.048"/>
</testsuite> <!-- Pack1.WaitingTest -->
