<?xml version="1.0" encoding="UTF-8"?>
<!-- Generated by org.testng.reporters.JUnitReportReporter -->
<testsuite hostname="DESKTOP-PQ5OTNM" failures="0" tests="1" name="Pack1.AlertAndFrameTest" time="4.716" errors="0" timestamp="21 Sep. 2021 01:53:46 GMT" skipped="0">
  <testcase classname="Pack1.AlertAndFrameTest" name="handleIFrame" time="4.716"/>
</testsuite> <!-- Pack1.AlertAndFrameTest -->
