<?xml version="1.0" encoding="UTF-8"?>
<!-- Generated by org.testng.reporters.JUnitReportReporter -->
<testsuite hostname="DESKTOP-PQ5OTNM" failures="0" tests="1" name="Pack1.MultiWindowTest" time="3.898" errors="0" timestamp="20 Sep. 2021 23:32:26 GMT" skipped="0">
  <testcase classname="Pack1.MultiWindowTest" name="HandleWindows2" time="3.898"/>
</testsuite> <!-- Pack1.MultiWindowTest -->
